<?xml version="1.0" encoding="UTF-8"?>
<!-- Generated by org.testng.reporters.JUnitXMLReporter -->
<testsuite ignored="0" hostname="PC" failures="0" tests="3" name="Default test" time="30.373" errors="0" timestamp="30 Dec 2025 18:38:17 GMT">
  <testcase classname="seleniumAdvancedConcepts.TestCases" name="Sanity" time="9.651"/>
  <testcase classname="seleniumAdvancedConcepts.TestCases" name="Sanity" time="9.727"/>
  <testcase classname="seleniumAdvancedConcepts.TestCases" name="OrderHistoryTest" time="0.807"/>
</testsuite> <!-- Default test -->
