<?xml version="1.0" encoding="UTF-8"?>
<!-- Generated by org.testng.reporters.JUnitXMLReporter -->
<testsuite ignored="0" hostname="PC" failures="0" tests="3" name="Sanity" time="32.164" errors="0" timestamp="30 Dec 2025 19:43:46 GMT">
  <testcase classname="seleniumAdvancedConcepts.TestCases" name="Sanity" time="9.809"/>
  <testcase classname="seleniumAdvancedConcepts.TestCases" name="Sanity" time="9.495"/>
  <testcase classname="seleniumAdvancedConcepts.TestCases" name="OrderHistoryTest" time="0.829"/>
</testsuite> <!-- Sanity -->
