<?xml version="1.0" encoding="UTF-8"?>
<!-- Generated by org.testng.reporters.JUnitXMLReporter -->
<testsuite ignored="0" hostname="PC" failures="0" tests="3" name="Sanity" time="31.367" errors="0" timestamp="30 Dec 2025 19:50:41 GMT">
  <testcase classname="seleniumAdvancedConcepts.TestCases" name="Sanity" time="9.814"/>
  <testcase classname="seleniumAdvancedConcepts.TestCases" name="Sanity" time="9.631"/>
  <testcase classname="seleniumAdvancedConcepts.TestCases" name="OrderHistoryTest" time="0.848"/>
</testsuite> <!-- Sanity -->
