<!DOCTYPE html PUBLIC "-//W3C//DTD XHTML 1.1//EN" "http://www.w3.org/TR/xhtml11/DTD/xhtml11.dtd">
<html xmlns="http://www.w3.org/1999/xhtml">
<head>
<meta http-equiv="content-type" content="text/html; charset=UTF-8"/>
<title>TestNG Report</title>
<style type="text/css">table {margin-bottom:10px;border-collapse:collapse;empty-cells:show}th,td {border:1px solid #009;padding:.25em .5em}th {vertical-align:bottom}td {vertical-align:top}table a {font-weight:bold}.stripe td {background-color: #E6EBF9}.num {text-align:right}.passedodd td {background-color: #3F3}.passedeven td {background-color: #0A0}.skippedodd td {background-color: #DDD}.skippedeven td {background-color: #CCC}.failedodd td,.attn {background-color: #F33}.failedeven td,.stripe .attn {background-color: #D00}.stacktrace {white-space:pre;font-family:monospace}.totop {font-size:85%;text-align:center;border-bottom:2px solid #000}.invisible {display:none}</style>
</head>
<body>
<table>
<tr><th>Test</th><th># Passed</th><th># Skipped</th><th># Failed</th><th>Time (ms)</th><th>Included Groups</th><th>Excluded Groups</th></tr>
<tr><th colspan="7">Suite</th></tr>
<tr><td><a href="#t0">Error Validations</a></td><td class="num">0</td><td class="num">0</td><td class="num attn">2</td><td class="num">29,276</td><td></td><td></td></tr>
<tr class="stripe"><td><a href="#t1">Sanity</a></td><td class="num">3</td><td class="num">0</td><td class="num">0</td><td class="num">31,367</td><td></td><td></td></tr>
<tr><th>Total</th><th class="num">3</th><th class="num">0</th><th class="num attn">2</th><th class="num">60,643</th><th colspan="2"></th></tr>
</table>
<table id='summary'><thead><tr><th>Class</th><th>Method</th><th>Start</th><th>Time (ms)</th></tr></thead><tbody><tr><th colspan="4">Suite</th></tr></tbody><tbody id="t0"><tr><th colspan="4">Error Validations &#8212; failed</th></tr><tr class="failedeven"><td rowspan="2">seleniumAdvancedConcepts.ErrorValidation</td><td><a href="#m0">LoginWithWrongEmail</a></td><td rowspan="1">1767124214680</td><td rowspan="1">978</td></tr><tr class="failedeven"><td><a href="#m1">ProductErrorValidation</a></td><td rowspan="1">1767124220259</td><td rowspan="1">19109</td></tr></tbody>
<tbody id="t1"><tr><th colspan="4">Sanity &#8212; passed</th></tr><tr class="passedeven"><td rowspan="3">seleniumAdvancedConcepts.TestCases</td><td><a href="#m2">OrderHistoryTest</a></td><td rowspan="1">1767124240845</td><td rowspan="1">848</td></tr><tr class="passedeven"><td><a href="#m3">Sanity</a></td><td rowspan="2">1767124215343</td><td rowspan="2">9814</td></tr><tr class="passedeven"><td><a href="#m4">Sanity</a></td></tr></tbody>
</table>
<h2>Error Validations</h2><h3 id="m0">seleniumAdvancedConcepts.ErrorValidation#LoginWithWrongEmail</h3><table class="result"><tr><th>Exception</th></tr><tr><td><div class="stacktrace">java.lang.AssertionError: expected [Incorrect email or password.] but found [Incorrect email or password1.]
	at seleniumAdvancedConcepts.ErrorValidation.LoginWithWrongEmail(ErrorValidation.java:22)
	at java.base/java.util.concurrent.FutureTask.run(FutureTask.java:317)
	at java.base/java.util.concurrent.ThreadPoolExecutor.runWorker(ThreadPoolExecutor.java:1144)
	at java.base/java.util.concurrent.ThreadPoolExecutor$Worker.run(ThreadPoolExecutor.java:642)
	at java.base/java.lang.Thread.run(Thread.java:1575)
... Removed 20 stack frames</div></td></tr></table><p class="totop"><a href="#summary">back to summary</a></p>
<h3 id="m1">seleniumAdvancedConcepts.ErrorValidation#ProductErrorValidation</h3><table class="result"><tr><th>Exception</th></tr><tr><td><div class="stacktrace">org.openqa.selenium.TimeoutException: Expected condition failed: waiting for visibility of element located by By.cssSelector: ul.ng-star-inserted (tried for 10 second(s) with 500 milliseconds interval)
Build info: version: &apos;4.27.0&apos;, revision: &apos;d6e718d134&apos;
System info: os.name: &apos;Windows 11&apos;, os.arch: &apos;amd64&apos;, os.version: &apos;10.0&apos;, java.version: &apos;23.0.2&apos;
Driver info: org.openqa.selenium.chrome.ChromeDriver
Capabilities {acceptInsecureCerts: false, browserName: chrome, browserVersion: 143.0.7499.170, chrome: {chromedriverVersion: 143.0.7499.169 (164b20aab62..., userDataDir: C:\Users\dhanu\AppData\Loca...}, fedcm:accounts: true, goog:chromeOptions: {debuggerAddress: localhost:60281}, goog:processID: 24068, networkConnectionEnabled: false, pageLoadStrategy: normal, platformName: windows, proxy: Proxy(), se:cdp: ws://localhost:60281/devtoo..., se:cdpVersion: 143.0.7499.170, setWindowRect: true, strictFileInteractability: false, timeouts: {implicit: 0, pageLoad: 300000, script: 30000}, unhandledPromptBehavior: dismiss and notify, webauthn:extension:credBlob: true, webauthn:extension:largeBlob: true, webauthn:extension:minPinLength: true, webauthn:extension:prf: true, webauthn:virtualAuthenticators: true}
Session ID: ce472e196ff334bdbda6da516aebcf78
	at org.openqa.selenium.support.ui.WebDriverWait.timeoutException(WebDriverWait.java:84)
	at org.openqa.selenium.support.ui.FluentWait.until(FluentWait.java:228)
	at abstractComponents.AbstractComponents.waitForElementToAppear(AbstractComponents.java:38)
	at SeleniumAdvanced.PageObjects.CartPage.ListOfItems(CartPage.java:50)
	at SeleniumAdvanced.PageObjects.CartPage.VerifyCartItemName(CartPage.java:57)
	at seleniumAdvancedConcepts.ErrorValidation.ProductErrorValidation(ErrorValidation.java:36)
	at java.base/java.util.concurrent.FutureTask.run(FutureTask.java:317)
	at java.base/java.util.concurrent.ThreadPoolExecutor.runWorker(ThreadPoolExecutor.java:1144)
	at java.base/java.util.concurrent.ThreadPoolExecutor$Worker.run(ThreadPoolExecutor.java:642)
	at java.base/java.lang.Thread.run(Thread.java:1575)
... Removed 14 stack frames</div></td></tr></table><p class="totop"><a href="#summary">back to summary</a></p>
<h2>Sanity</h2><h3 id="m2">seleniumAdvancedConcepts.TestCases#OrderHistoryTest</h3><table class="result"><tr><th class="invisible"/></tr></table><p class="totop"><a href="#summary">back to summary</a></p>
<h3 id="m3">seleniumAdvancedConcepts.TestCases#Sanity</h3><table class="result"><tr class="param"><th>Parameter #1</th></tr><tr class="param stripe"><td>{Product=ZARA COAT 3, Email=dhanushanand076@gmail.com, Password=Optimus01!}</td></tr></table><p class="totop"><a href="#summary">back to summary</a></p>
<h3 id="m4">seleniumAdvancedConcepts.TestCases#Sanity</h3><table class="result"><tr class="param"><th>Parameter #1</th></tr><tr class="param stripe"><td>{Product=ADIDAS ORIGINAL, Email=dhanushanand@gmail.com, Password=Dhanush01!}</td></tr></table><p class="totop"><a href="#summary">back to summary</a></p>
</body>
</html>
