<?xml version="1.0" encoding="UTF-8"?>
<testng-results ignored="0" total="5" passed="3" failed="2" skipped="0">
  <reporter-output>
  </reporter-output>
  <suite started-at="2025-12-30T19:50:10Z" name="Suite" finished-at="2025-12-30T19:50:41Z" duration-ms="31367">
    <groups>
      <group name="BasicFlow">
        <method signature="TestCases.Sanity(java.util.HashMap)[pri:0, instance:seleniumAdvancedConcepts.TestCases@6e35bc3d]" name="Sanity" class="seleniumAdvancedConcepts.TestCases"/>
      </group> <!-- BasicFlow -->
    </groups>
    <test started-at="2025-12-30T19:50:10Z" name="Error Validations" finished-at="2025-12-30T19:50:39Z" duration-ms="29276">
      <class name="seleniumAdvancedConcepts.ErrorValidation">
        <test-method is-config="true" signature="launchApplication()[pri:0, instance:seleniumAdvancedConcepts.ErrorValidation@52066604]" started-at="2025-12-30T19:50:10Z" name="launchApplication" finished-at="2025-12-30T19:50:14Z" duration-ms="4215" status="PASS">
          <reporter-output>
          </reporter-output>
        </test-method> <!-- launchApplication -->
        <test-method signature="LoginWithWrongEmail()[pri:0, instance:seleniumAdvancedConcepts.ErrorValidation@52066604]" started-at="2025-12-30T19:50:14Z" name="LoginWithWrongEmail" finished-at="2025-12-30T19:50:15Z" duration-ms="978" status="FAIL">
          <exception class="java.lang.AssertionError">
            <message>
              <![CDATA[expected [Incorrect email or password.] but found [Incorrect email or password1.]]]>
            </message>
            <full-stacktrace>
              <![CDATA[java.lang.AssertionError: expected [Incorrect email or password.] but found [Incorrect email or password1.]
at org.testng.Assert.fail(Assert.java:96)
at org.testng.Assert.failNotEquals(Assert.java:776)
at org.testng.Assert.assertEqualsImpl(Assert.java:137)
at org.testng.Assert.assertEquals(Assert.java:118)
at org.testng.Assert.assertEquals(Assert.java:453)
at org.testng.Assert.assertEquals(Assert.java:463)
at seleniumAdvancedConcepts.ErrorValidation.LoginWithWrongEmail(ErrorValidation.java:22)
at java.base/jdk.internal.reflect.DirectMethodHandleAccessor.invoke(DirectMethodHandleAccessor.java:103)
at java.base/java.lang.reflect.Method.invoke(Method.java:580)
at org.testng.internal.MethodInvocationHelper.invokeMethod(MethodInvocationHelper.java:124)
at org.testng.internal.Invoker.invokeMethod(Invoker.java:583)
at org.testng.internal.Invoker.invokeTestMethod(Invoker.java:719)
at org.testng.internal.Invoker.invokeTestMethods(Invoker.java:989)
at org.testng.internal.TestMethodWorker.invokeTestMethods(TestMethodWorker.java:125)
at org.testng.internal.TestMethodWorker.run(TestMethodWorker.java:109)
at org.testng.TestRunner.privateRun(TestRunner.java:648)
at org.testng.TestRunner.run(TestRunner.java:505)
at org.testng.SuiteRunner.runTest(SuiteRunner.java:455)
at org.testng.SuiteRunner.access$000(SuiteRunner.java:40)
at org.testng.SuiteRunner$SuiteWorker.run(SuiteRunner.java:489)
at org.testng.internal.thread.ThreadUtil$1.call(ThreadUtil.java:52)
at java.base/java.util.concurrent.FutureTask.run(FutureTask.java:317)
at java.base/java.util.concurrent.ThreadPoolExecutor.runWorker(ThreadPoolExecutor.java:1144)
at java.base/java.util.concurrent.ThreadPoolExecutor$Worker.run(ThreadPoolExecutor.java:642)
at java.base/java.lang.Thread.run(Thread.java:1575)
]]>
            </full-stacktrace>
          </exception> <!-- java.lang.AssertionError -->
          <reporter-output>
          </reporter-output>
        </test-method> <!-- LoginWithWrongEmail -->
        <test-method is-config="true" signature="teardown()[pri:0, instance:seleniumAdvancedConcepts.ErrorValidation@52066604]" started-at="2025-12-30T19:50:16Z" name="teardown" finished-at="2025-12-30T19:50:16Z" duration-ms="152" status="PASS">
          <reporter-output>
          </reporter-output>
        </test-method> <!-- teardown -->
        <test-method is-config="true" signature="launchApplication()[pri:0, instance:seleniumAdvancedConcepts.ErrorValidation@52066604]" started-at="2025-12-30T19:50:16Z" name="launchApplication" finished-at="2025-12-30T19:50:20Z" duration-ms="4041" status="PASS">
          <reporter-output>
          </reporter-output>
        </test-method> <!-- launchApplication -->
        <test-method signature="ProductErrorValidation()[pri:0, instance:seleniumAdvancedConcepts.ErrorValidation@52066604]" started-at="2025-12-30T19:50:20Z" name="ProductErrorValidation" finished-at="2025-12-30T19:50:39Z" duration-ms="19109" status="FAIL">
          <exception class="org.openqa.selenium.TimeoutException">
            <message>
              <![CDATA[Expected condition failed: waiting for visibility of element located by By.cssSelector: ul.ng-star-inserted (tried for 10 second(s) with 500 milliseconds interval)
Build info: version: '4.27.0', revision: 'd6e718d134'
System info: os.name: 'Windows 11', os.arch: 'amd64', os.version: '10.0', java.version: '23.0.2'
Driver info: org.openqa.selenium.chrome.ChromeDriver
Capabilities {acceptInsecureCerts: false, browserName: chrome, browserVersion: 143.0.7499.170, chrome: {chromedriverVersion: 143.0.7499.169 (164b20aab62..., userDataDir: C:\Users\dhanu\AppData\Loca...}, fedcm:accounts: true, goog:chromeOptions: {debuggerAddress: localhost:60281}, goog:processID: 24068, networkConnectionEnabled: false, pageLoadStrategy: normal, platformName: windows, proxy: Proxy(), se:cdp: ws://localhost:60281/devtoo..., se:cdpVersion: 143.0.7499.170, setWindowRect: true, strictFileInteractability: false, timeouts: {implicit: 0, pageLoad: 300000, script: 30000}, unhandledPromptBehavior: dismiss and notify, webauthn:extension:credBlob: true, webauthn:extension:largeBlob: true, webauthn:extension:minPinLength: true, webauthn:extension:prf: true, webauthn:virtualAuthenticators: true}
Session ID: ce472e196ff334bdbda6da516aebcf78]]>
            </message>
            <full-stacktrace>
              <![CDATA[org.openqa.selenium.TimeoutException: Expected condition failed: waiting for visibility of element located by By.cssSelector: ul.ng-star-inserted (tried for 10 second(s) with 500 milliseconds interval)
Build info: version: '4.27.0', revision: 'd6e718d134'
System info: os.name: 'Windows 11', os.arch: 'amd64', os.version: '10.0', java.version: '23.0.2'
Driver info: org.openqa.selenium.chrome.ChromeDriver
Capabilities {acceptInsecureCerts: false, browserName: chrome, browserVersion: 143.0.7499.170, chrome: {chromedriverVersion: 143.0.7499.169 (164b20aab62..., userDataDir: C:\Users\dhanu\AppData\Loca...}, fedcm:accounts: true, goog:chromeOptions: {debuggerAddress: localhost:60281}, goog:processID: 24068, networkConnectionEnabled: false, pageLoadStrategy: normal, platformName: windows, proxy: Proxy(), se:cdp: ws://localhost:60281/devtoo..., se:cdpVersion: 143.0.7499.170, setWindowRect: true, strictFileInteractability: false, timeouts: {implicit: 0, pageLoad: 300000, script: 30000}, unhandledPromptBehavior: dismiss and notify, webauthn:extension:credBlob: true, webauthn:extension:largeBlob: true, webauthn:extension:minPinLength: true, webauthn:extension:prf: true, webauthn:virtualAuthenticators: true}
Session ID: ce472e196ff334bdbda6da516aebcf78
at org.openqa.selenium.support.ui.WebDriverWait.timeoutException(WebDriverWait.java:84)
at org.openqa.selenium.support.ui.FluentWait.until(FluentWait.java:228)
at abstractComponents.AbstractComponents.waitForElementToAppear(AbstractComponents.java:38)
at SeleniumAdvanced.PageObjects.CartPage.ListOfItems(CartPage.java:50)
at SeleniumAdvanced.PageObjects.CartPage.VerifyCartItemName(CartPage.java:57)
at seleniumAdvancedConcepts.ErrorValidation.ProductErrorValidation(ErrorValidation.java:36)
at java.base/jdk.internal.reflect.DirectMethodHandleAccessor.invoke(DirectMethodHandleAccessor.java:103)
at java.base/java.lang.reflect.Method.invoke(Method.java:580)
at org.testng.internal.MethodInvocationHelper.invokeMethod(MethodInvocationHelper.java:124)
at org.testng.internal.Invoker.invokeMethod(Invoker.java:583)
at org.testng.internal.Invoker.invokeTestMethod(Invoker.java:719)
at org.testng.internal.Invoker.invokeTestMethods(Invoker.java:989)
at org.testng.internal.TestMethodWorker.invokeTestMethods(TestMethodWorker.java:125)
at org.testng.internal.TestMethodWorker.run(TestMethodWorker.java:109)
at org.testng.TestRunner.privateRun(TestRunner.java:648)
at org.testng.TestRunner.run(TestRunner.java:505)
at org.testng.SuiteRunner.runTest(SuiteRunner.java:455)
at org.testng.SuiteRunner.access$000(SuiteRunner.java:40)
at org.testng.SuiteRunner$SuiteWorker.run(SuiteRunner.java:489)
at org.testng.internal.thread.ThreadUtil$1.call(ThreadUtil.java:52)
at java.base/java.util.concurrent.FutureTask.run(FutureTask.java:317)
at java.base/java.util.concurrent.ThreadPoolExecutor.runWorker(ThreadPoolExecutor.java:1144)
at java.base/java.util.concurrent.ThreadPoolExecutor$Worker.run(ThreadPoolExecutor.java:642)
at java.base/java.lang.Thread.run(Thread.java:1575)
]]>
            </full-stacktrace>
          </exception> <!-- org.openqa.selenium.TimeoutException -->
          <reporter-output>
          </reporter-output>
        </test-method> <!-- ProductErrorValidation -->
        <test-method is-config="true" signature="teardown()[pri:0, instance:seleniumAdvancedConcepts.ErrorValidation@52066604]" started-at="2025-12-30T19:50:39Z" name="teardown" finished-at="2025-12-30T19:50:39Z" duration-ms="163" status="PASS">
          <reporter-output>
          </reporter-output>
        </test-method> <!-- teardown -->
      </class> <!-- seleniumAdvancedConcepts.ErrorValidation -->
    </test> <!-- Error Validations -->
    <test started-at="2025-12-30T19:50:10Z" name="Sanity" finished-at="2025-12-30T19:50:41Z" duration-ms="31367">
      <class name="seleniumAdvancedConcepts.TestCases">
        <test-method is-config="true" signature="launchApplication()[pri:0, instance:seleniumAdvancedConcepts.TestCases@6e35bc3d]" started-at="2025-12-30T19:50:10Z" name="launchApplication" finished-at="2025-12-30T19:50:15Z" duration-ms="4643" status="PASS">
          <reporter-output>
          </reporter-output>
        </test-method> <!-- launchApplication -->
        <test-method signature="Sanity(java.util.HashMap)[pri:0, instance:seleniumAdvancedConcepts.TestCases@6e35bc3d]" started-at="2025-12-30T19:50:15Z" name="Sanity" data-provider="getDataForPurchaseTest" finished-at="2025-12-30T19:50:25Z" duration-ms="9814" status="PASS">
          <params>
            <param index="0">
              <value>
                <![CDATA[{Product=ZARA COAT 3, Email=dhanushanand076@gmail.com, Password=Optimus01!}]]>
              </value>
            </param>
          </params>
          <reporter-output>
          </reporter-output>
        </test-method> <!-- Sanity -->
        <test-method is-config="true" signature="teardown()[pri:0, instance:seleniumAdvancedConcepts.TestCases@6e35bc3d]" started-at="2025-12-30T19:50:25Z" name="teardown" finished-at="2025-12-30T19:50:25Z" duration-ms="120" status="PASS">
          <reporter-output>
          </reporter-output>
        </test-method> <!-- teardown -->
        <test-method is-config="true" signature="launchApplication()[pri:0, instance:seleniumAdvancedConcepts.TestCases@6e35bc3d]" started-at="2025-12-30T19:50:25Z" name="launchApplication" finished-at="2025-12-30T19:50:28Z" duration-ms="2926" status="PASS">
          <reporter-output>
          </reporter-output>
        </test-method> <!-- launchApplication -->
        <test-method signature="Sanity(java.util.HashMap)[pri:0, instance:seleniumAdvancedConcepts.TestCases@6e35bc3d]" started-at="2025-12-30T19:50:28Z" name="Sanity" data-provider="getDataForPurchaseTest" finished-at="2025-12-30T19:50:37Z" duration-ms="9631" status="PASS">
          <params>
            <param index="0">
              <value>
                <![CDATA[{Product=ADIDAS ORIGINAL, Email=dhanushanand@gmail.com, Password=Dhanush01!}]]>
              </value>
            </param>
          </params>
          <reporter-output>
          </reporter-output>
        </test-method> <!-- Sanity -->
        <test-method is-config="true" signature="teardown()[pri:0, instance:seleniumAdvancedConcepts.TestCases@6e35bc3d]" started-at="2025-12-30T19:50:37Z" name="teardown" finished-at="2025-12-30T19:50:37Z" duration-ms="115" status="PASS">
          <reporter-output>
          </reporter-output>
        </test-method> <!-- teardown -->
        <test-method is-config="true" signature="launchApplication()[pri:0, instance:seleniumAdvancedConcepts.TestCases@6e35bc3d]" started-at="2025-12-30T19:50:37Z" name="launchApplication" finished-at="2025-12-30T19:50:40Z" duration-ms="2896" status="PASS">
          <reporter-output>
          </reporter-output>
        </test-method> <!-- launchApplication -->
        <test-method signature="OrderHistoryTest()[pri:0, instance:seleniumAdvancedConcepts.TestCases@6e35bc3d]" started-at="2025-12-30T19:50:40Z" name="OrderHistoryTest" finished-at="2025-12-30T19:50:41Z" depends-on-methods="seleniumAdvancedConcepts.TestCases.Sanity" duration-ms="848" status="PASS">
          <reporter-output>
          </reporter-output>
        </test-method> <!-- OrderHistoryTest -->
        <test-method is-config="true" signature="teardown()[pri:0, instance:seleniumAdvancedConcepts.TestCases@6e35bc3d]" started-at="2025-12-30T19:50:41Z" name="teardown" finished-at="2025-12-30T19:50:41Z" duration-ms="112" status="PASS">
          <reporter-output>
          </reporter-output>
        </test-method> <!-- teardown -->
      </class> <!-- seleniumAdvancedConcepts.TestCases -->
    </test> <!-- Sanity -->
  </suite> <!-- Suite -->
</testng-results>
