<?xml version="1.0" encoding="UTF-8"?>
<testng-results ignored="0" total="5" passed="3" failed="2" skipped="0">
  <reporter-output>
  </reporter-output>
  <suite started-at="2025-12-30T19:43:14Z" name="Suite" finished-at="2025-12-30T19:43:46Z" duration-ms="32164">
    <groups>
      <group name="BasicFlow">
        <method signature="TestCases.Sanity(java.util.HashMap)[pri:0, instance:seleniumAdvancedConcepts.TestCases@6e35bc3d]" name="Sanity" class="seleniumAdvancedConcepts.TestCases"/>
      </group> <!-- BasicFlow -->
    </groups>
    <test started-at="2025-12-30T19:43:14Z" name="Error Validations" finished-at="2025-12-30T19:43:31Z" duration-ms="16833">
      <class name="seleniumAdvancedConcepts.ErrorValidation">
        <test-method is-config="true" signature="launchApplication()[pri:0, instance:seleniumAdvancedConcepts.ErrorValidation@52066604]" started-at="2025-12-30T19:43:14Z" name="launchApplication" finished-at="2025-12-30T19:43:18Z" duration-ms="3740" status="PASS">
          <reporter-output>
          </reporter-output>
        </test-method> <!-- launchApplication -->
        <test-method signature="LoginWithWrongEmail()[pri:0, instance:seleniumAdvancedConcepts.ErrorValidation@52066604]" started-at="2025-12-30T19:43:18Z" name="LoginWithWrongEmail" finished-at="2025-12-30T19:43:18Z" duration-ms="548" status="FAIL">
          <exception class="java.lang.AssertionError">
            <message>
              <![CDATA[expected [Incorrect email or password.] but found [Incorrect email or password1.]]]>
            </message>
            <full-stacktrace>
              <![CDATA[java.lang.AssertionError: expected [Incorrect email or password.] but found [Incorrect email or password1.]
at org.testng.Assert.fail(Assert.java:96)
at org.testng.Assert.failNotEquals(Assert.java:776)
at org.testng.Assert.assertEqualsImpl(Assert.java:137)
at org.testng.Assert.assertEquals(Assert.java:118)
at org.testng.Assert.assertEquals(Assert.java:453)
at org.testng.Assert.assertEquals(Assert.java:463)
at seleniumAdvancedConcepts.ErrorValidation.LoginWithWrongEmail(ErrorValidation.java:22)
at java.base/jdk.internal.reflect.DirectMethodHandleAccessor.invoke(DirectMethodHandleAccessor.java:103)
at java.base/java.lang.reflect.Method.invoke(Method.java:580)
at org.testng.internal.MethodInvocationHelper.invokeMethod(MethodInvocationHelper.java:124)
at org.testng.internal.Invoker.invokeMethod(Invoker.java:583)
at org.testng.internal.Invoker.invokeTestMethod(Invoker.java:719)
at org.testng.internal.Invoker.invokeTestMethods(Invoker.java:989)
at org.testng.internal.TestMethodWorker.invokeTestMethods(TestMethodWorker.java:125)
at org.testng.internal.TestMethodWorker.run(TestMethodWorker.java:109)
at org.testng.TestRunner.privateRun(TestRunner.java:648)
at org.testng.TestRunner.run(TestRunner.java:505)
at org.testng.SuiteRunner.runTest(SuiteRunner.java:455)
at org.testng.SuiteRunner.access$000(SuiteRunner.java:40)
at org.testng.SuiteRunner$SuiteWorker.run(SuiteRunner.java:489)
at org.testng.internal.thread.ThreadUtil$1.call(ThreadUtil.java:52)
at java.base/java.util.concurrent.FutureTask.run(FutureTask.java:317)
at java.base/java.util.concurrent.ThreadPoolExecutor.runWorker(ThreadPoolExecutor.java:1144)
at java.base/java.util.concurrent.ThreadPoolExecutor$Worker.run(ThreadPoolExecutor.java:642)
at java.base/java.lang.Thread.run(Thread.java:1575)
]]>
            </full-stacktrace>
          </exception> <!-- java.lang.AssertionError -->
          <reporter-output>
          </reporter-output>
        </test-method> <!-- LoginWithWrongEmail -->
        <test-method is-config="true" signature="teardown()[pri:0, instance:seleniumAdvancedConcepts.ErrorValidation@52066604]" started-at="2025-12-30T19:43:19Z" name="teardown" finished-at="2025-12-30T19:43:19Z" duration-ms="189" status="PASS">
          <reporter-output>
          </reporter-output>
        </test-method> <!-- teardown -->
        <test-method is-config="true" signature="launchApplication()[pri:0, instance:seleniumAdvancedConcepts.ErrorValidation@52066604]" started-at="2025-12-30T19:43:19Z" name="launchApplication" finished-at="2025-12-30T19:43:22Z" duration-ms="3103" status="PASS">
          <reporter-output>
          </reporter-output>
        </test-method> <!-- launchApplication -->
        <test-method signature="ProductErrorValidation()[pri:0, instance:seleniumAdvancedConcepts.ErrorValidation@52066604]" started-at="2025-12-30T19:43:22Z" name="ProductErrorValidation" finished-at="2025-12-30T19:43:30Z" duration-ms="8606" status="FAIL">
          <exception class="java.lang.AssertionError">
            <message>
              <![CDATA[expected [true] but found [false]]]>
            </message>
            <full-stacktrace>
              <![CDATA[java.lang.AssertionError: expected [true] but found [false]
at org.testng.Assert.fail(Assert.java:96)
at org.testng.Assert.failNotEquals(Assert.java:776)
at org.testng.Assert.assertTrue(Assert.java:44)
at org.testng.Assert.assertTrue(Assert.java:54)
at seleniumAdvancedConcepts.ErrorValidation.ProductErrorValidation(ErrorValidation.java:36)
at java.base/jdk.internal.reflect.DirectMethodHandleAccessor.invoke(DirectMethodHandleAccessor.java:103)
at java.base/java.lang.reflect.Method.invoke(Method.java:580)
at org.testng.internal.MethodInvocationHelper.invokeMethod(MethodInvocationHelper.java:124)
at org.testng.internal.Invoker.invokeMethod(Invoker.java:583)
at org.testng.internal.Invoker.invokeTestMethod(Invoker.java:719)
at org.testng.internal.Invoker.invokeTestMethods(Invoker.java:989)
at org.testng.internal.TestMethodWorker.invokeTestMethods(TestMethodWorker.java:125)
at org.testng.internal.TestMethodWorker.run(TestMethodWorker.java:109)
at org.testng.TestRunner.privateRun(TestRunner.java:648)
at org.testng.TestRunner.run(TestRunner.java:505)
at org.testng.SuiteRunner.runTest(SuiteRunner.java:455)
at org.testng.SuiteRunner.access$000(SuiteRunner.java:40)
at org.testng.SuiteRunner$SuiteWorker.run(SuiteRunner.java:489)
at org.testng.internal.thread.ThreadUtil$1.call(ThreadUtil.java:52)
at java.base/java.util.concurrent.FutureTask.run(FutureTask.java:317)
at java.base/java.util.concurrent.ThreadPoolExecutor.runWorker(ThreadPoolExecutor.java:1144)
at java.base/java.util.concurrent.ThreadPoolExecutor$Worker.run(ThreadPoolExecutor.java:642)
at java.base/java.lang.Thread.run(Thread.java:1575)
]]>
            </full-stacktrace>
          </exception> <!-- java.lang.AssertionError -->
          <reporter-output>
          </reporter-output>
        </test-method> <!-- ProductErrorValidation -->
        <test-method is-config="true" signature="teardown()[pri:0, instance:seleniumAdvancedConcepts.ErrorValidation@52066604]" started-at="2025-12-30T19:43:31Z" name="teardown" finished-at="2025-12-30T19:43:31Z" duration-ms="110" status="PASS">
          <reporter-output>
          </reporter-output>
        </test-method> <!-- teardown -->
      </class> <!-- seleniumAdvancedConcepts.ErrorValidation -->
    </test> <!-- Error Validations -->
    <test started-at="2025-12-30T19:43:14Z" name="Sanity" finished-at="2025-12-30T19:43:46Z" duration-ms="32164">
      <class name="seleniumAdvancedConcepts.TestCases">
        <test-method is-config="true" signature="launchApplication()[pri:0, instance:seleniumAdvancedConcepts.TestCases@6e35bc3d]" started-at="2025-12-30T19:43:14Z" name="launchApplication" finished-at="2025-12-30T19:43:18Z" duration-ms="3799" status="PASS">
          <reporter-output>
          </reporter-output>
        </test-method> <!-- launchApplication -->
        <test-method signature="Sanity(java.util.HashMap)[pri:0, instance:seleniumAdvancedConcepts.TestCases@6e35bc3d]" started-at="2025-12-30T19:43:18Z" name="Sanity" data-provider="getDataForPurchaseTest" finished-at="2025-12-30T19:43:28Z" duration-ms="9809" status="PASS">
          <params>
            <param index="0">
              <value>
                <![CDATA[{Product=ZARA COAT 3, Email=dhanushanand076@gmail.com, Password=Optimus01!}]]>
              </value>
            </param>
          </params>
          <reporter-output>
          </reporter-output>
        </test-method> <!-- Sanity -->
        <test-method is-config="true" signature="teardown()[pri:0, instance:seleniumAdvancedConcepts.TestCases@6e35bc3d]" started-at="2025-12-30T19:43:28Z" name="teardown" finished-at="2025-12-30T19:43:28Z" duration-ms="132" status="PASS">
          <reporter-output>
          </reporter-output>
        </test-method> <!-- teardown -->
        <test-method is-config="true" signature="launchApplication()[pri:0, instance:seleniumAdvancedConcepts.TestCases@6e35bc3d]" started-at="2025-12-30T19:43:28Z" name="launchApplication" finished-at="2025-12-30T19:43:31Z" duration-ms="3366" status="PASS">
          <reporter-output>
          </reporter-output>
        </test-method> <!-- launchApplication -->
        <test-method signature="Sanity(java.util.HashMap)[pri:0, instance:seleniumAdvancedConcepts.TestCases@6e35bc3d]" started-at="2025-12-30T19:43:31Z" name="Sanity" data-provider="getDataForPurchaseTest" finished-at="2025-12-30T19:43:41Z" duration-ms="9495" status="PASS">
          <params>
            <param index="0">
              <value>
                <![CDATA[{Product=ADIDAS ORIGINAL, Email=dhanushanand@gmail.com, Password=Dhanush01!}]]>
              </value>
            </param>
          </params>
          <reporter-output>
          </reporter-output>
        </test-method> <!-- Sanity -->
        <test-method is-config="true" signature="teardown()[pri:0, instance:seleniumAdvancedConcepts.TestCases@6e35bc3d]" started-at="2025-12-30T19:43:41Z" name="teardown" finished-at="2025-12-30T19:43:41Z" duration-ms="143" status="PASS">
          <reporter-output>
          </reporter-output>
        </test-method> <!-- teardown -->
        <test-method is-config="true" signature="launchApplication()[pri:0, instance:seleniumAdvancedConcepts.TestCases@6e35bc3d]" started-at="2025-12-30T19:43:41Z" name="launchApplication" finished-at="2025-12-30T19:43:45Z" duration-ms="4238" status="PASS">
          <reporter-output>
          </reporter-output>
        </test-method> <!-- launchApplication -->
        <test-method signature="OrderHistoryTest()[pri:0, instance:seleniumAdvancedConcepts.TestCases@6e35bc3d]" started-at="2025-12-30T19:43:45Z" name="OrderHistoryTest" finished-at="2025-12-30T19:43:46Z" depends-on-methods="seleniumAdvancedConcepts.TestCases.Sanity" duration-ms="829" status="PASS">
          <reporter-output>
          </reporter-output>
        </test-method> <!-- OrderHistoryTest -->
        <test-method is-config="true" signature="teardown()[pri:0, instance:seleniumAdvancedConcepts.TestCases@6e35bc3d]" started-at="2025-12-30T19:43:46Z" name="teardown" finished-at="2025-12-30T19:43:46Z" duration-ms="118" status="PASS">
          <reporter-output>
          </reporter-output>
        </test-method> <!-- teardown -->
      </class> <!-- seleniumAdvancedConcepts.TestCases -->
    </test> <!-- Sanity -->
  </suite> <!-- Suite -->
</testng-results>
