<?xml version="1.0" encoding="UTF-8"?>
<!-- Generated by org.testng.reporters.JUnitReportReporter -->
<testsuite hostname="PC" failures="0" tests="3" name="seleniumAdvancedConcepts.TestCases" time="31.105" errors="0" timestamp="30 Dec 2025 19:50:41 GMT" skipped="0">
  <testcase classname="seleniumAdvancedConcepts.TestCases" name="OrderHistoryTest" time="3.894"/>
  <testcase classname="seleniumAdvancedConcepts.TestCases" name="Sanity" time="14.569"/>
  <testcase classname="seleniumAdvancedConcepts.TestCases" name="Sanity" time="12.642"/>
</testsuite> <!-- seleniumAdvancedConcepts.TestCases -->
