<?xml version="1.0" encoding="UTF-8"?>
<!-- Generated by org.testng.reporters.JUnitReportReporter -->
<testsuite hostname="PC" failures="0" tests="3" name="seleniumAdvancedConcepts.TestCases" time="31.929" errors="0" timestamp="30 Dec 2025 19:43:46 GMT" skipped="0">
  <testcase classname="seleniumAdvancedConcepts.TestCases" name="Sanity" time="13.293"/>
  <testcase classname="seleniumAdvancedConcepts.TestCases" name="Sanity" time="13.437"/>
  <testcase classname="seleniumAdvancedConcepts.TestCases" name="OrderHistoryTest" time="5.199"/>
</testsuite> <!-- seleniumAdvancedConcepts.TestCases -->
